# JRE version: Java(TM) SE Runtime Environment (13.0.1+9) (build 13.0.1+9)
# Java VM: Java HotSpot(TM) 64-Bit Server VM (13.0.1+9, mixed mode, sharing, tiered, compressed oops, g1 gc, windows-amd64)
Heap:
 garbage-first heap   total 184320K, used 64355K [0x0000000702600000, 0x0000000800000000)
  region size 1024K, 4 young (4096K), 1 survivors (1024K)
 Metaspace       used 8301K, capacity 8587K, committed 8704K, reserved 1056768K
  class space    used 859K, capacity 973K, committed 1024K, reserved 1048576K
GC Heap History (20 events):
Event: 6.530 GC heap before
{Heap before GC invocations=170 (full 0):
 garbage-first heap   total 184320K, used 84837K [0x0000000702600000, 0x0000000800000000)
  region size 1024K, 8 young (8192K), 1 survivors (1024K)
 Metaspace       used 8291K, capacity 8587K, committed 8704K, reserved 1056768K
  class space    used 858K, capacity 973K, committed 1024K, reserved 1048576K
}
Event: 6.532 GC heap after
{Heap after GC invocations=171 (full 0):
 garbage-first heap   total 184320K, used 50027K [0x0000000702600000, 0x0000000800000000)
  region size 1024K, 1 young (1024K), 1 survivors (1024K)
 Metaspace       used 8291K, capacity 8587K, committed 8704K, reserved 1056768K
  class space    used 858K, capacity 973K, committed 1024K, reserved 1048576K
}
Event: 6.664 GC heap before
{Heap before GC invocations=172 (full 0):
 garbage-first heap   total 184320K, used 84843K [0x0000000702600000, 0x0000000800000000)
  region size 1024K, 8 young (8192K), 1 survivors (1024K)
 Metaspace       used 8291K, capacity 8587K, committed 8704K, reserved 1056768K
  class space    used 858K, capacity 973K, committed 1024K, reserved 1048576K
}
Event: 6.665 GC heap after
{Heap after GC invocations=173 (full 0):
 garbage-first heap   total 184320K, used 50025K [0x0000000702600000, 0x0000000800000000)
  region size 1024K, 1 young (1024K), 1 survivors (1024K)
 Metaspace       used 8291K, capacity 8587K, committed 8704K, reserved 1056768K
  class space    used 858K, capacity 973K, committed 1024K, reserved 1048576K
}
Event: 6.797 GC heap before
{Heap before GC invocations=174 (full 0):
 garbage-first heap   total 184320K, used 84841K [0x0000000702600000, 0x0000000800000000)
  region size 1024K, 8 young (8192K), 1 survivors (1024K)
 Metaspace       used 8292K, capacity 8587K, committed 8704K, reserved 1056768K
  class space    used 858K, capacity 973K, committed 1024K, reserved 1048576K
}
Event: 6.798 GC heap after
{Heap after GC invocations=175 (full 0):
 garbage-first heap   total 184320K, used 50024K [0x0000000702600000, 0x0000000800000000)
  region size 1024K, 1 young (1024K), 1 survivors (1024K)
 Metaspace       used 8292K, capacity 8587K, committed 8704K, reserved 1056768K
  class space    used 858K, capacity 973K, committed 1024K, reserved 1048576K
}
Event: 6.930 GC heap before
{Heap before GC invocations=176 (full 0):
 garbage-first heap   total 184320K, used 84840K [0x0000000702600000, 0x0000000800000000)
  region size 1024K, 8 young (8192K), 1 survivors (1024K)
 Metaspace       used 8299K, capacity 8587K, committed 8704K, reserved 1056768K
  class space    used 859K, capacity 973K, committed 1024K, reserved 1048576K
}
Event: 6.931 GC heap after
{Heap after GC invocations=177 (full 0):
 garbage-first heap   total 184320K, used 50019K [0x0000000702600000, 0x0000000800000000)
  region size 1024K, 1 young (1024K), 1 survivors (1024K)
 Metaspace       used 8299K, capacity 8587K, committed 8704K, reserved 1056768K
  class space    used 859K, capacity 973K, committed 1024K, reserved 1048576K
}
Event: 7.064 GC heap before
{Heap before GC invocations=178 (full 0):
 garbage-first heap   total 184320K, used 84835K [0x0000000702600000, 0x0000000800000000)
  region size 1024K, 8 young (8192K), 1 survivors (1024K)
 Metaspace       used 8299K, capacity 8587K, committed 8704K, reserved 1056768K
  class space    used 859K, capacity 973K, committed 1024K, reserved 1048576K
}
Event: 7.065 GC heap after
{Heap after GC invocations=179 (full 0):
 garbage-first heap   total 184320K, used 50030K [0x0000000702600000, 0x0000000800000000)
  region size 1024K, 1 young (1024K), 1 survivors (1024K)
 Metaspace       used 8299K, capacity 8587K, committed 8704K, reserved 1056768K
  class space    used 859K, capacity 973K, committed 1024K, reserved 1048576K
}
Event: 7.197 GC heap before
{Heap before GC invocations=180 (full 0):
 garbage-first heap   total 184320K, used 84846K [0x0000000702600000, 0x0000000800000000)
  region size 1024K, 8 young (8192K), 1 survivors (1024K)
 Metaspace       used 8299K, capacity 8587K, committed 8704K, reserved 1056768K
  class space    used 859K, capacity 973K, committed 1024K, reserved 1048576K
}
Event: 7.198 GC heap after
{Heap after GC invocations=181 (full 0):
 garbage-first heap   total 184320K, used 50030K [0x0000000702600000, 0x0000000800000000)
  region size 1024K, 1 young (1024K), 1 survivors (1024K)
 Metaspace       used 8299K, capacity 8587K, committed 8704K, reserved 1056768K
  class space    used 859K, capacity 973K, committed 1024K, reserved 1048576K
}
Event: 7.330 GC heap before
{Heap before GC invocations=182 (full 0):
 garbage-first heap   total 184320K, used 84846K [0x0000000702600000, 0x0000000800000000)
  region size 1024K, 8 young (8192K), 1 survivors (1024K)
 Metaspace       used 8299K, capacity 8587K, committed 8704K, reserved 1056768K
  class space    used 859K, capacity 973K, committed 1024K, reserved 1048576K
}
Event: 7.331 GC heap after
{Heap after GC invocations=183 (full 0):
 garbage-first heap   total 184320K, used 50025K [0x0000000702600000, 0x0000000800000000)
  region size 1024K, 1 young (1024K), 1 survivors (1024K)
 Metaspace       used 8299K, capacity 8587K, committed 8704K, reserved 1056768K
  class space    used 859K, capacity 973K, committed 1024K, reserved 1048576K
}
Event: 7.463 GC heap before
{Heap before GC invocations=184 (full 0):
 garbage-first heap   total 184320K, used 84841K [0x0000000702600000, 0x0000000800000000)
  region size 1024K, 8 young (8192K), 1 survivors (1024K)
 Metaspace       used 8299K, capacity 8587K, committed 8704K, reserved 1056768K
  class space    used 859K, capacity 973K, committed 1024K, reserved 1048576K
}
Event: 7.464 GC heap after
{Heap after GC invocations=185 (full 0):
 garbage-first heap   total 184320K, used 50027K [0x0000000702600000, 0x0000000800000000)
  region size 1024K, 1 young (1024K), 1 survivors (1024K)
 Metaspace       used 8299K, capacity 8587K, committed 8704K, reserved 1056768K
  class space    used 859K, capacity 973K, committed 1024K, reserved 1048576K
}
Event: 7.597 GC heap before
{Heap before GC invocations=186 (full 0):
 garbage-first heap   total 184320K, used 84843K [0x0000000702600000, 0x0000000800000000)
  region size 1024K, 8 young (8192K), 1 survivors (1024K)
 Metaspace       used 8299K, capacity 8587K, committed 8704K, reserved 1056768K
  class space    used 859K, capacity 973K, committed 1024K, reserved 1048576K
}
Event: 7.598 GC heap after
{Heap after GC invocations=187 (full 0):
 garbage-first heap   total 184320K, used 50027K [0x0000000702600000, 0x0000000800000000)
  region size 1024K, 1 young (1024K), 1 survivors (1024K)
 Metaspace       used 8299K, capacity 8587K, committed 8704K, reserved 1056768K
  class space    used 859K, capacity 973K, committed 1024K, reserved 1048576K
}
Event: 7.730 GC heap before
{Heap before GC invocations=188 (full 0):
 garbage-first heap   total 184320K, used 84843K [0x0000000702600000, 0x0000000800000000)
  region size 1024K, 8 young (8192K), 1 survivors (1024K)
 Metaspace       used 8299K, capacity 8587K, committed 8704K, reserved 1056768K
  class space    used 859K, capacity 973K, committed 1024K, reserved 1048576K
}
Event: 7.731 GC heap after
{Heap after GC invocations=189 (full 0):
 garbage-first heap   total 184320K, used 50019K [0x0000000702600000, 0x0000000800000000)
  region size 1024K, 1 young (1024K), 1 survivors (1024K)
 Metaspace       used 8299K, capacity 8587K, committed 8704K, reserved 1056768K
  class space    used 859K, capacity 973K, committed 1024K, reserved 1048576K
}

