# JRE version: Java(TM) SE Runtime Environment (13.0.1+9) (build 13.0.1+9)
# Java VM: Java HotSpot(TM) 64-Bit Server VM (13.0.1+9, mixed mode, sharing, tiered, compressed oops, g1 gc, windows-amd64)
Heap:
 garbage-first heap   total 181248K, used 53878K [0x0000000702600000, 0x0000000800000000)
  region size 1024K, 2 young (2048K), 1 survivors (1024K)
 Metaspace       used 8630K, capacity 8904K, committed 8960K, reserved 1056768K
  class space    used 852K, capacity 973K, committed 1024K, reserved 1048576K
GC Heap History (20 events):
Event: 54.002 GC heap before
{Heap before GC invocations=828 (full 0):
 garbage-first heap   total 181248K, used 75390K [0x0000000702600000, 0x0000000800000000)
  region size 1024K, 3 young (3072K), 1 survivors (1024K)
 Metaspace       used 8629K, capacity 8904K, committed 8960K, reserved 1056768K
  class space    used 852K, capacity 973K, committed 1024K, reserved 1048576K
}
Event: 54.003 GC heap after
{Heap after GC invocations=829 (full 0):
 garbage-first heap   total 181248K, used 45684K [0x0000000702600000, 0x0000000800000000)
  region size 1024K, 1 young (1024K), 1 survivors (1024K)
 Metaspace       used 8629K, capacity 8904K, committed 8960K, reserved 1056768K
  class space    used 852K, capacity 973K, committed 1024K, reserved 1048576K
}
Event: 54.133 GC heap before
{Heap before GC invocations=830 (full 0):
 garbage-first heap   total 181248K, used 74356K [0x0000000702600000, 0x0000000800000000)
  region size 1024K, 2 young (2048K), 1 survivors (1024K)
 Metaspace       used 8629K, capacity 8904K, committed 8960K, reserved 1056768K
  class space    used 852K, capacity 973K, committed 1024K, reserved 1048576K
}
Event: 54.134 GC heap after
{Heap after GC invocations=831 (full 0):
 garbage-first heap   total 181248K, used 45688K [0x0000000702600000, 0x0000000800000000)
  region size 1024K, 1 young (1024K), 1 survivors (1024K)
 Metaspace       used 8629K, capacity 8904K, committed 8960K, reserved 1056768K
  class space    used 852K, capacity 973K, committed 1024K, reserved 1048576K
}
Event: 54.266 GC heap before
{Heap before GC invocations=832 (full 0):
 garbage-first heap   total 181248K, used 74360K [0x0000000702600000, 0x0000000800000000)
  region size 1024K, 2 young (2048K), 1 survivors (1024K)
 Metaspace       used 8629K, capacity 8904K, committed 8960K, reserved 1056768K
  class space    used 852K, capacity 973K, committed 1024K, reserved 1048576K
}
Event: 54.267 GC heap after
{Heap after GC invocations=833 (full 0):
 garbage-first heap   total 181248K, used 45688K [0x0000000702600000, 0x0000000800000000)
  region size 1024K, 1 young (1024K), 1 survivors (1024K)
 Metaspace       used 8629K, capacity 8904K, committed 8960K, reserved 1056768K
  class space    used 852K, capacity 973K, committed 1024K, reserved 1048576K
}
Event: 54.400 GC heap before
{Heap before GC invocations=834 (full 0):
 garbage-first heap   total 181248K, used 74360K [0x0000000702600000, 0x0000000800000000)
  region size 1024K, 2 young (2048K), 1 survivors (1024K)
 Metaspace       used 8629K, capacity 8904K, committed 8960K, reserved 1056768K
  class space    used 852K, capacity 973K, committed 1024K, reserved 1048576K
}
Event: 54.401 GC heap after
{Heap after GC invocations=835 (full 0):
 garbage-first heap   total 181248K, used 45688K [0x0000000702600000, 0x0000000800000000)
  region size 1024K, 1 young (1024K), 1 survivors (1024K)
 Metaspace       used 8629K, capacity 8904K, committed 8960K, reserved 1056768K
  class space    used 852K, capacity 973K, committed 1024K, reserved 1048576K
}
Event: 54.533 GC heap before
{Heap before GC invocations=836 (full 0):
 garbage-first heap   total 181248K, used 74360K [0x0000000702600000, 0x0000000800000000)
  region size 1024K, 2 young (2048K), 1 survivors (1024K)
 Metaspace       used 8629K, capacity 8904K, committed 8960K, reserved 1056768K
  class space    used 852K, capacity 973K, committed 1024K, reserved 1048576K
}
Event: 54.534 GC heap after
{Heap after GC invocations=837 (full 0):
 garbage-first heap   total 181248K, used 45684K [0x0000000702600000, 0x0000000800000000)
  region size 1024K, 1 young (1024K), 1 survivors (1024K)
 Metaspace       used 8629K, capacity 8904K, committed 8960K, reserved 1056768K
  class space    used 852K, capacity 973K, committed 1024K, reserved 1048576K
}
Event: 54.667 GC heap before
{Heap before GC invocations=838 (full 0):
 garbage-first heap   total 181248K, used 74356K [0x0000000702600000, 0x0000000800000000)
  region size 1024K, 2 young (2048K), 1 survivors (1024K)
 Metaspace       used 8629K, capacity 8904K, committed 8960K, reserved 1056768K
  class space    used 852K, capacity 973K, committed 1024K, reserved 1048576K
}
Event: 54.667 GC heap after
{Heap after GC invocations=839 (full 0):
 garbage-first heap   total 181248K, used 45686K [0x0000000702600000, 0x0000000800000000)
  region size 1024K, 1 young (1024K), 1 survivors (1024K)
 Metaspace       used 8629K, capacity 8904K, committed 8960K, reserved 1056768K
  class space    used 852K, capacity 973K, committed 1024K, reserved 1048576K
}
Event: 54.800 GC heap before
{Heap before GC invocations=840 (full 0):
 garbage-first heap   total 181248K, used 75382K [0x0000000702600000, 0x0000000800000000)
  region size 1024K, 3 young (3072K), 1 survivors (1024K)
 Metaspace       used 8629K, capacity 8904K, committed 8960K, reserved 1056768K
  class space    used 852K, capacity 973K, committed 1024K, reserved 1048576K
}
Event: 54.801 GC heap after
{Heap after GC invocations=841 (full 0):
 garbage-first heap   total 181248K, used 45688K [0x0000000702600000, 0x0000000800000000)
  region size 1024K, 1 young (1024K), 1 survivors (1024K)
 Metaspace       used 8629K, capacity 8904K, committed 8960K, reserved 1056768K
  class space    used 852K, capacity 973K, committed 1024K, reserved 1048576K
}
Event: 54.933 GC heap before
{Heap before GC invocations=842 (full 0):
 garbage-first heap   total 181248K, used 75384K [0x0000000702600000, 0x0000000800000000)
  region size 1024K, 3 young (3072K), 1 survivors (1024K)
 Metaspace       used 8629K, capacity 8904K, committed 8960K, reserved 1056768K
  class space    used 852K, capacity 973K, committed 1024K, reserved 1048576K
}
Event: 54.934 GC heap after
{Heap after GC invocations=843 (full 0):
 garbage-first heap   total 181248K, used 45688K [0x0000000702600000, 0x0000000800000000)
  region size 1024K, 1 young (1024K), 1 survivors (1024K)
 Metaspace       used 8629K, capacity 8904K, committed 8960K, reserved 1056768K
  class space    used 852K, capacity 973K, committed 1024K, reserved 1048576K
}
Event: 55.067 GC heap before
{Heap before GC invocations=844 (full 0):
 garbage-first heap   total 181248K, used 74360K [0x0000000702600000, 0x0000000800000000)
  region size 1024K, 2 young (2048K), 1 survivors (1024K)
 Metaspace       used 8629K, capacity 8904K, committed 8960K, reserved 1056768K
  class space    used 852K, capacity 973K, committed 1024K, reserved 1048576K
}
Event: 55.067 GC heap after
{Heap after GC invocations=845 (full 0):
 garbage-first heap   total 181248K, used 45689K [0x0000000702600000, 0x0000000800000000)
  region size 1024K, 1 young (1024K), 1 survivors (1024K)
 Metaspace       used 8629K, capacity 8904K, committed 8960K, reserved 1056768K
  class space    used 852K, capacity 973K, committed 1024K, reserved 1048576K
}
Event: 55.200 GC heap before
{Heap before GC invocations=846 (full 0):
 garbage-first heap   total 181248K, used 75385K [0x0000000702600000, 0x0000000800000000)
  region size 1024K, 3 young (3072K), 1 survivors (1024K)
 Metaspace       used 8630K, capacity 8904K, committed 8960K, reserved 1056768K
  class space    used 852K, capacity 973K, committed 1024K, reserved 1048576K
}
Event: 55.200 GC heap after
{Heap after GC invocations=847 (full 0):
 garbage-first heap   total 181248K, used 45686K [0x0000000702600000, 0x0000000800000000)
  region size 1024K, 1 young (1024K), 1 survivors (1024K)
 Metaspace       used 8630K, capacity 8904K, committed 8960K, reserved 1056768K
  class space    used 852K, capacity 973K, committed 1024K, reserved 1048576K
}

